8192cu 699270 0 - Live 0x00000000
dmard06 9846 0 - Live 0x00000000
stk8312 11299 0 - Live 0x00000000
mma7660 6918 0 - Live 0x00000000
bma250 7806 0 - Live 0x00000000
rtl8150 9913 0 - Live 0x00000000
mcs7830 7396 0 - Live 0x00000000
qf9700 9353 0 - Live 0x00000000
asix 24267 0 - Live 0x00000000
sun4i_csi0 32032 0 - Live 0x00000000
gc030809 15525 1 - Live 0x00000000
gt2005 16886 0 - Live 0x00000000
gc0308 15833 0 - Live 0x00000000
videobuf_dma_contig 5979 1 sun4i_csi0, Live 0x00000000
videobuf_core 19095 2 sun4i_csi0,videobuf_dma_contig, Live 0x00000000
cedarx 12607 0 - Live 0x00000000
mali 137075 12 - Live 0x00000000
ump 34655 19 mali, Live 0x00000000
ft5x_ts 47785 0 - Live 0x00000000
sichuang 12140 0 - Live 0x00000000
gt811 12536 0 - Live 0x00000000
ssd253x_ts 10017 0 - Live 0x00000000
nand 109849 8 - Live 0x00000000
