
/system/vendor/modules:
8188eu.ko
8189es.ko
8192cu.ko
8723as.ko
Module.symvers
RT2870STA.dat
RT2870STACard.dat
ar6003.ko
ar6302.ko
asix.ko
ath6k
bcm40183.hcd
bcm40183_dhd.ko
bcm40183_fw.bin
bcm40183_nvram.txt
bcm4330.bin
bcm4330.hcd
bcm4330.ko
bcm4330_nvram.txt
bma250.ko
cedarx.ko
dm9620.ko
dmard06.ko
ekt2201.ko
es8388.ko
example.ko
ft5x_ts.ko
gc0308.ko
gc030809.ko
gc0309.ko
gpio_sw.ko
gps.ko
gt2005.ko
gt811.ko
hv2605.ko
ldt6124.ko
mali.ko
mcs7830.ko
mecs.ko
mic-keypad.ko
mma7660.ko
mma8452q.ko
mw269v3_fw.bin
mw269v3_nvram.txt
mxc622x.ko
nand.ko
nano_if.ko
nano_ksdio.ko
pktgen.ko
qf9700.ko
rlt8723a_chip_b_cut_bt40_fw_asic_rom_patch.bin
rt5370sta.ko
rtl8150.ko
scsi_wait_scan.ko
sichuang.ko
sndi2s.ko
sndspdif.ko
ssd253x_ts.ko
stk8312.ko
sun4i-i2s.ko
sun4i-i2sdma.ko
sun4i-ir.ko
sun4i-keypad.ko
sun4i-sndi2s.ko
sun4i-vibrator.ko
sun4i_csi0.ko
sun4i_csi1.ko
sun4i_sndspdif.ko
sun4i_spdif.ko
sun4i_spdma.ko
sunxi-ps2.ko
sunxi-reg.ko
tea5761.ko
ump.ko
usi4329_dhd.ko
usi4329_fw.bin
usi4329_nvram.txt
videobuf-core.ko
videobuf-dma-contig.ko
x_mac.axf
zet6221.ko

/system/vendor/modules/ath6k:
AR6003

/system/vendor/modules/ath6k/AR6003:
A31_Script.psr
hw2.0
hw2.1.1

/system/vendor/modules/ath6k/AR6003/hw2.0:
athtcmd_ram.bin
athwlan.bin.z77
bdata.SD31.bin
data.patch.hw2_0.bin
otp.bin.z77

/system/vendor/modules/ath6k/AR6003/hw2.1.1:
athtcmd_ram.bin
athwlan.bin
athwlan_mobile.bin
athwlan_router.bin
athwlan_tablet.bin
bdata.SD31.bin
data.patch.hw3_0.bin
device.bin
otp.bin
